  [1m[36mSQL (0.0ms)[0m  [1mSHOW TABLES[0m
  [1m[35mSQL (2.0ms)[0m  CREATE TABLE `schema_migrations` (`version` varchar(255) NOT NULL) ENGINE=InnoDB
  [1m[36mSQL (1.0ms)[0m  [1mSHOW KEYS FROM `schema_migrations`[0m
  [1m[35mSQL (8.0ms)[0m  CREATE UNIQUE INDEX `unique_schema_migrations` ON `schema_migrations` (`version`)
  [1m[36mSQL (1.0ms)[0m  [1mSHOW TABLES[0m
  [1m[35mSQL (1.0ms)[0m  SHOW TABLES
  [1m[36mSQL (1.0ms)[0m  [1mSELECT `schema_migrations`.`version` FROM `schema_migrations`[0m
Migrating to CreateSchedulerRuns (20100101010101)
  [1m[35mSQL (3.0ms)[0m  CREATE TABLE `scheduler_runs` (`id` int(11) DEFAULT NULL auto_increment PRIMARY KEY, `schedule` varchar(255), `created_at` datetime, `updated_at` datetime) ENGINE=InnoDB
  [1m[36mSQL (1.0ms)[0m  [1mINSERT INTO `schema_migrations` (`version`) VALUES ('20100101010101')[0m
Migrating to DeviseCreateUsers (20110309143130)
  [1m[35mSQL (0.0ms)[0m  DROP TABLE `users`
Mysql::Error: Unknown table 'users': DROP TABLE `users`
  [1m[36mSQL (1.0ms)[0m  [1mSHOW TABLES[0m
  [1m[35mSQL (1.0ms)[0m  SHOW TABLES
  [1m[36mSQL (1.0ms)[0m  [1mSELECT `schema_migrations`.`version` FROM `schema_migrations`[0m
Migrating to CreateSchedulerRuns (20100101010101)
Migrating to DeviseCreateUsers (20110309143130)
  [1m[35mSQL (5.0ms)[0m  CREATE TABLE `users` (`id` int(11) DEFAULT NULL auto_increment PRIMARY KEY, `email` varchar(255) DEFAULT '' NOT NULL, `encrypted_password` varchar(128) DEFAULT '' NOT NULL, `password_salt` varchar(255) DEFAULT '' NOT NULL, `reset_password_token` varchar(255), `remember_token` varchar(255), `remember_created_at` datetime, `sign_in_count` int(11) DEFAULT 0, `current_sign_in_at` datetime, `last_sign_in_at` datetime, `current_sign_in_ip` varchar(255), `last_sign_in_ip` varchar(255), `confirmation_token` varchar(255), `confirmed_at` datetime, `confirmation_sent_at` datetime, `created_at` datetime, `updated_at` datetime) ENGINE=InnoDB
  [1m[36mSQL (1.0ms)[0m  [1mSHOW KEYS FROM `users`[0m
  [1m[35mSQL (6.0ms)[0m  CREATE UNIQUE INDEX `index_users_on_email` ON `users` (`email`)
  [1m[36mSQL (1.0ms)[0m  [1mSHOW KEYS FROM `users`[0m
  [1m[35mSQL (7.0ms)[0m  CREATE UNIQUE INDEX `index_users_on_reset_password_token` ON `users` (`reset_password_token`)
  [1m[36mSQL (1.0ms)[0m  [1mSHOW KEYS FROM `users`[0m
  [1m[35mSQL (8.0ms)[0m  CREATE UNIQUE INDEX `index_users_on_confirmation_token` ON `users` (`confirmation_token`)
  [1m[36mSQL (1.0ms)[0m  [1mINSERT INTO `schema_migrations` (`version`) VALUES ('20110309143130')[0m
  [1m[35mSQL (1.0ms)[0m  SHOW TABLES
  [1m[36mSQL (1.0ms)[0m  [1mSELECT `schema_migrations`.`version` FROM `schema_migrations`[0m
  [1m[35mSQL (0.0ms)[0m  SHOW TABLES
  [1m[36mSQL (2.0ms)[0m  [1mdescribe `scheduler_runs`[0m
  [1m[35mSQL (1.0ms)[0m  SHOW KEYS FROM `scheduler_runs`
  [1m[36mSQL (3.0ms)[0m  [1mdescribe `users`[0m
  [1m[35mSQL (1.0ms)[0m  SHOW KEYS FROM `users`


Started GET "/" for 127.0.0.1 at Sat Jul 30 15:00:39 +0200 2011
  Processing by MainController#index as HTML
  [1m[36mSQL (1.0ms)[0m  [1mSHOW TABLES[0m
  [1m[35mSQL (0.0ms)[0m  SHOW TABLES
  [1m[36mSQL (0.0ms)[0m  [1mSELECT `schema_migrations`.`version` FROM `schema_migrations`[0m
Completed   in 25ms


Started GET "/users/sign_in" for 127.0.0.1 at Sat Jul 30 15:00:43 +0200 2011
  Processing by Devise::SessionsController#new as HTML
  [1m[35mSQL (1.0ms)[0m  SHOW TABLES
  [1m[36mSQL (3.0ms)[0m  [1mSELECT `schema_migrations`.`version` FROM `schema_migrations`[0m
Rendered devise/shared/_links.erb (2.0ms)
Rendered devise/sessions/new.html.erb within layouts/application (45.0ms)
Completed 200 OK in 928ms (Views: 64.0ms | ActiveRecord: 5.0ms)


Started GET "/images/bg.png" for 127.0.0.1 at Sat Jul 30 15:00:44 +0200 2011
  Processing by RoutingErrorController#rescue as 
  [1m[35mSQL (1.0ms)[0m  SHOW TABLES
  [1m[36mSQL (1.0ms)[0m  [1mSELECT `schema_migrations`.`version` FROM `schema_migrations`[0m
Completed   in 15ms


Started GET "/images/bg.png" for 127.0.0.1 at Sat Jul 30 15:01:00 +0200 2011
  Processing by RoutingErrorController#rescue as 
  [1m[35mSQL (1.0ms)[0m  SHOW TABLES
  [1m[36mSQL (1.0ms)[0m  [1mSELECT `schema_migrations`.`version` FROM `schema_migrations`[0m
Completed   in 15ms


Started GET "/" for 127.0.0.1 at Sat Jul 30 15:01:30 +0200 2011
  Processing by MainController#index as HTML
  [1m[35mSQL (1.0ms)[0m  SHOW TABLES
  [1m[36mSQL (0.0ms)[0m  [1mSELECT `schema_migrations`.`version` FROM `schema_migrations`[0m
Completed   in 16ms


Started GET "/users/sign_in" for 127.0.0.1 at Sat Jul 30 15:01:30 +0200 2011
  Processing by Devise::SessionsController#new as HTML
  [1m[35mSQL (0.0ms)[0m  SHOW TABLES
  [1m[36mSQL (0.0ms)[0m  [1mSELECT `schema_migrations`.`version` FROM `schema_migrations`[0m
Rendered devise/shared/_links.erb (2.0ms)
Rendered devise/sessions/new.html.erb within layouts/application (22.0ms)
Completed 200 OK in 71ms (Views: 43.0ms | ActiveRecord: 0.0ms)


Started GET "/images/bg.png" for 127.0.0.1 at Sat Jul 30 15:01:30 +0200 2011
  Processing by RoutingErrorController#rescue as HTML
  [1m[35mSQL (1.0ms)[0m  SHOW TABLES
  [1m[36mSQL (0.0ms)[0m  [1mSELECT `schema_migrations`.`version` FROM `schema_migrations`[0m
Completed   in 16ms


Started GET "/users/sign_in" for 127.0.0.1 at Sat Jul 30 15:01:30 +0200 2011
  Processing by Devise::SessionsController#new as HTML
  [1m[35mSQL (1.0ms)[0m  SHOW TABLES
  [1m[36mSQL (0.0ms)[0m  [1mSELECT `schema_migrations`.`version` FROM `schema_migrations`[0m
Rendered devise/shared/_links.erb (2.0ms)
Rendered devise/sessions/new.html.erb within layouts/application (21.0ms)
Completed 200 OK in 73ms (Views: 40.0ms | ActiveRecord: 1.0ms)


Started GET "/users/sign_up" for 127.0.0.1 at Sat Jul 30 15:01:39 +0200 2011
  Processing by Devise::RegistrationsController#new as HTML
  [1m[35mSQL (1.0ms)[0m  SHOW TABLES
  [1m[36mSQL (1.0ms)[0m  [1mSELECT `schema_migrations`.`version` FROM `schema_migrations`[0m
Rendered devise/shared/_links.erb (3.0ms)
Rendered devise/registrations/new.html.erb within layouts/application (37.0ms)
Completed 200 OK in 82ms (Views: 58.0ms | ActiveRecord: 2.0ms)


Started GET "/images/bg.png" for 127.0.0.1 at Sat Jul 30 15:01:39 +0200 2011
  Processing by RoutingErrorController#rescue as HTML
  [1m[35mSQL (1.0ms)[0m  SHOW TABLES
  [1m[36mSQL (1.0ms)[0m  [1mSELECT `schema_migrations`.`version` FROM `schema_migrations`[0m
Completed   in 22ms


Started GET "/users/sign_in" for 127.0.0.1 at Sat Jul 30 15:01:39 +0200 2011
  Processing by Devise::SessionsController#new as HTML
  [1m[35mSQL (1.0ms)[0m  SHOW TABLES
  [1m[36mSQL (0.0ms)[0m  [1mSELECT `schema_migrations`.`version` FROM `schema_migrations`[0m
Rendered devise/shared/_links.erb (3.0ms)
Rendered devise/sessions/new.html.erb within layouts/application (24.0ms)
Completed 200 OK in 83ms (Views: 48.0ms | ActiveRecord: 1.0ms)


Started GET "/users/sign_up" for 127.0.0.1 at Sat Jul 30 15:01:45 +0200 2011
  Processing by Devise::RegistrationsController#new as HTML
  [1m[35mSQL (0.0ms)[0m  SHOW TABLES
  [1m[36mSQL (1.0ms)[0m  [1mSELECT `schema_migrations`.`version` FROM `schema_migrations`[0m
Rendered devise/shared/_links.erb (2.0ms)
Rendered devise/registrations/new.html.erb within layouts/application (21.0ms)
Completed 200 OK in 55ms (Views: 39.0ms | ActiveRecord: 1.0ms)


Started GET "/images/bg.png" for 127.0.0.1 at Sat Jul 30 15:01:45 +0200 2011
  Processing by RoutingErrorController#rescue as 
  [1m[35mSQL (1.0ms)[0m  SHOW TABLES
  [1m[36mSQL (0.0ms)[0m  [1mSELECT `schema_migrations`.`version` FROM `schema_migrations`[0m
Completed   in 14ms


Started GET "/" for 127.0.0.1 at Sat Jul 30 15:04:38 +0200 2011
  Processing by MainController#index as HTML
  [1m[36mSQL (1.0ms)[0m  [1mSHOW TABLES[0m
  [1m[35mSQL (0.0ms)[0m  SHOW TABLES
  [1m[36mSQL (1.0ms)[0m  [1mSELECT `schema_migrations`.`version` FROM `schema_migrations`[0m
Completed   in 25ms


Started GET "/users/sign_in" for 127.0.0.1 at Sat Jul 30 15:04:42 +0200 2011
  Processing by Devise::SessionsController#new as HTML
  [1m[35mSQL (1.0ms)[0m  SHOW TABLES
  [1m[36mSQL (1.0ms)[0m  [1mSELECT `schema_migrations`.`version` FROM `schema_migrations`[0m
Rendered devise/shared/_links.erb (2.0ms)
Rendered devise/sessions/new.html.erb within layouts/application (46.0ms)
Completed 200 OK in 925ms (Views: 66.0ms | ActiveRecord: 4.0ms)


Started GET "/users/sign_up" for 127.0.0.1 at Sat Jul 30 15:04:59 +0200 2011
  Processing by Devise::RegistrationsController#new as HTML
  [1m[35mSQL (1.0ms)[0m  SHOW TABLES
  [1m[36mSQL (1.0ms)[0m  [1mSELECT `schema_migrations`.`version` FROM `schema_migrations`[0m
Rendered devise/shared/_links.erb (2.0ms)
Rendered devise/registrations/new.html.erb within layouts/application (28.0ms)
Completed 200 OK in 115ms (Views: 47.0ms | ActiveRecord: 2.0ms)


Started GET "/users/confirmation/new" for 127.0.0.1 at Sat Jul 30 15:05:05 +0200 2011
  Processing by Devise::ConfirmationsController#new as HTML
  [1m[35mSQL (1.0ms)[0m  SHOW TABLES
  [1m[36mSQL (1.0ms)[0m  [1mSELECT `schema_migrations`.`version` FROM `schema_migrations`[0m
Rendered devise/shared/_links.erb (2.0ms)
Rendered devise/confirmations/new.html.erb within layouts/application (26.0ms)
Completed 200 OK in 64ms (Views: 46.0ms | ActiveRecord: 2.0ms)


Started GET "/users/password/new" for 127.0.0.1 at Sat Jul 30 15:05:08 +0200 2011
  Processing by Devise::PasswordsController#new as HTML
  [1m[35mSQL (1.0ms)[0m  SHOW TABLES
  [1m[36mSQL (0.0ms)[0m  [1mSELECT `schema_migrations`.`version` FROM `schema_migrations`[0m
Rendered devise/shared/_links.erb (2.0ms)
Rendered devise/passwords/new.html.erb within layouts/application (27.0ms)
Completed 200 OK in 68ms (Views: 47.0ms | ActiveRecord: 1.0ms)
